<?xml version="1.0" encoding="utf-8"?><testsuites name="pytest tests"><testsuite name="pytest" errors="0" failures="0" skipped="6" tests="25" time="0.558" timestamp="2026-04-23T12:04:50.771390+07:00" hostname="Tins-MacBook-Pro.local"><testcase classname="tests.test_backend_parity" name="test_python_driver_backend_parity" time="0.000"><skipped type="pytest.skip" message="lunaris-py built without `bindings-it` feature — run `maturin develop --release --features bindings-it` to build the conformance helpers">/Users/tindang/workspaces/tind-repo/lunaris/crates/lunaris-py/tests/test_backend_parity.py:218: lunaris-py built without `bindings-it` feature — run `maturin develop --release --features bindings-it` to build the conformance helpers</skipped></testcase><testcase classname="tests.test_backend_parity" name="test_golden_reference_loads" time="0.001" /><testcase classname="tests.test_documentary_parity" name="test_document_knowledge_base_parity_quickstart_rag" time="0.000"><skipped type="pytest.skip" message="documentary_parity needs BOTH LUNARIS_MOON_URL and LUNARIS_POSTGRES_URL reachable — per-driver backend parity requires two live backends">/Users/tindang/workspaces/tind-repo/lunaris/crates/lunaris-py/tests/test_documentary_parity.py:146: documentary_parity needs BOTH LUNARIS_MOON_URL and LUNARIS_POSTGRES_URL reachable — per-driver backend parity requires two live backends</skipped></testcase><testcase classname="tests.test_documentary_parity" name="test_research_paper_corpus_parity_graph_off_recall" time="0.000"><skipped type="pytest.skip" message="documentary_parity needs BOTH LUNARIS_MOON_URL and LUNARIS_POSTGRES_URL reachable — per-driver backend parity requires two live backends">/Users/tindang/workspaces/tind-repo/lunaris/crates/lunaris-py/tests/test_documentary_parity.py:146: documentary_parity needs BOTH LUNARIS_MOON_URL and LUNARIS_POSTGRES_URL reachable — per-driver backend parity requires two live backends</skipped></testcase><testcase classname="tests.test_documentary_parity" name="test_code_repo_memory_parity_as_of_commit_50" time="0.000"><skipped type="pytest.skip" message="documentary_parity needs BOTH LUNARIS_MOON_URL and LUNARIS_POSTGRES_URL reachable — per-driver backend parity requires two live backends">/Users/tindang/workspaces/tind-repo/lunaris/crates/lunaris-py/tests/test_documentary_parity.py:146: documentary_parity needs BOTH LUNARIS_MOON_URL and LUNARIS_POSTGRES_URL reachable — per-driver backend parity requires two live backends</skipped></testcase><testcase classname="tests.test_documentary_parity" name="test_timeline_reconstruction_parity_between_10_and_15" time="0.001"><skipped type="pytest.skip" message="documentary_parity needs BOTH LUNARIS_MOON_URL and LUNARIS_POSTGRES_URL reachable — per-driver backend parity requires two live backends">/Users/tindang/workspaces/tind-repo/lunaris/crates/lunaris-py/tests/test_documentary_parity.py:146: documentary_parity needs BOTH LUNARIS_MOON_URL and LUNARIS_POSTGRES_URL reachable — per-driver backend parity requires two live backends</skipped></testcase><testcase classname="tests.test_documentary_parity" name="test_customer_support_history_parity_refund_recall" time="0.000"><skipped type="pytest.skip" message="documentary_parity needs BOTH LUNARIS_MOON_URL and LUNARIS_POSTGRES_URL reachable — per-driver backend parity requires two live backends">/Users/tindang/workspaces/tind-repo/lunaris/crates/lunaris-py/tests/test_documentary_parity.py:146: documentary_parity needs BOTH LUNARIS_MOON_URL and LUNARIS_POSTGRES_URL reachable — per-driver backend parity requires two live backends</skipped></testcase><testcase classname="tests.test_documentary_parity" name="test_parity_golden_json_loads_with_expected_scenarios" time="0.000" /><testcase classname="tests.test_dsl_parity" name="test_vector_and_keyword_fuse_top_shape" time="0.000" /><testcase classname="tests.test_dsl_parity" name="test_graph_anchored_and_as_of_shape" time="0.000" /><testcase classname="tests.test_dsl_parity" name="test_filter_kwargs_and_positional_shape" time="0.000" /><testcase classname="tests.test_dsl_parity" name="test_method_names_match_rust_surface" time="0.000" /><testcase classname="tests.test_dsl_parity" name="test_execute_returns_list" time="0.181" /><testcase classname="tests.test_dsl_parity" name="test_filter_str_runs" time="0.122" /><testcase classname="tests.test_gil_discipline" name="test_concurrent_awaits_dont_serialize" time="0.003" /><testcase classname="tests.test_gil_discipline" name="test_concurrent_backend_calls_dont_block" time="0.096" /><testcase classname="tests.test_open_ingest_recall" name="test_errors_map_to_lunaris_error" time="0.001" /><testcase classname="tests.test_open_ingest_recall" name="test_open_roundtrip" time="0.001" /><testcase classname="tests.test_open_ingest_recall" name="test_ingest_recall_roundtrip" time="0.121" /><testcase classname="tests.test_open_ingest_recall" name="test_snapshot_roundtrip" time="0.003" /><testcase classname="tests.test_open_ingest_recall" name="test_forget_dry_run_roundtrip" time="0.002" /><testcase classname="tests.test_toggles" name="test_code_surface_enables_graph_pipeline" time="0.001" /><testcase classname="tests.test_toggles" name="test_env_surface_pure_reader" time="0.000" /><testcase classname="tests.test_toggles" name="test_config_surface_pure_reader" time="0.000" /><testcase classname="tests.test_toggles" name="test_config_surface_enables_via_open" time="0.004" /></testsuite></testsuites>